<?xml version="1.0" encoding="UTF-8"?>
<!-- Generated by org.testng.reporters.JUnitXMLReporter -->
<testsuite ignored="0" hostname="EIS0218" failures="1" tests="1" name="testcase2" time="49.157" errors="0" timestamp="2022-03-01T20:55:18 EET">
  <testcase classname="tests.testcase1Test2" name="case01" time="9.495">
    <failure type="org.openqa.selenium.ElementClickInterceptedException" message="element click intercepted: Element &amp;lt;a id=&amp;quot;thumbnail&amp;quot; class=&amp;quot;yt-simple-endpoint inline-block style-scope ytd-thumbnail&amp;quot; aria-hidden=&amp;quot;true&amp;quot; tabindex=&amp;quot;-1&amp;quot; rel=&amp;quot;null&amp;quot; href=&amp;quot;/watch?v=u4RTcNrlpI8&amp;quot;&amp;gt;...&amp;lt;/a&amp;gt; is not clickable at point (180, 100). Other element would receive the click: &amp;lt;tp-yt-paper-item class=&amp;quot;style-scope ytd-guide-entry-renderer&amp;quot; role=&amp;quot;tab&amp;quot; tabindex=&amp;quot;0&amp;quot; aria-disabled=&amp;quot;false&amp;quot; aria-selected=&amp;quot;false&amp;quot;&amp;gt;...&amp;lt;/tp-yt-paper-item&amp;gt;
  (Session info: chrome=98.0.4758.102)
Build info: version: &amp;apos;3.141.59&amp;apos;, revision: &amp;apos;e82be7d358&amp;apos;, time: &amp;apos;2018-11-14T08:17:03&amp;apos;
System info: host: &amp;apos;EIS0218&amp;apos;, ip: &amp;apos;192.168.1.6&amp;apos;, os.name: &amp;apos;Windows 10&amp;apos;, os.arch: &amp;apos;amd64&amp;apos;, os.version: &amp;apos;10.0&amp;apos;, java.version: &amp;apos;17.0.2&amp;apos;
Driver info: org.openqa.selenium.chrome.ChromeDriver
Capabilities {acceptInsecureCerts: false, browserName: chrome, browserVersion: 98.0.4758.102, chrome: {chromedriverVersion: 98.0.4758.102 (273bf7ac8c90..., userDataDir: C:\Users\asalah\AppData\Loc...}, goog:chromeOptions: {debuggerAddress: localhost:52142}, javascriptEnabled: true, networkConnectionEnabled: false, pageLoadStrategy: normal, platform: WINDOWS, platformName: WINDOWS, proxy: Proxy(), setWindowRect: true, strictFileInteractability: false, timeouts: {implicit: 0, pageLoad: 300000, script: 30000}, unhandledPromptBehavior: dismiss and notify, webauthn:extension:credBlob: true, webauthn:extension:largeBlob: true, webauthn:virtualAuthenticators: true}
Session ID: af9205da3276163fd8d58038ccaec07a">
      <![CDATA[org.openqa.selenium.ElementClickInterceptedException: element click intercepted: Element <a id="thumbnail" class="yt-simple-endpoint inline-block style-scope ytd-thumbnail" aria-hidden="true" tabindex="-1" rel="null" href="/watch?v=u4RTcNrlpI8">...</a> is not clickable at point (180, 100). Other element would receive the click: <tp-yt-paper-item class="style-scope ytd-guide-entry-renderer" role="tab" tabindex="0" aria-disabled="false" aria-selected="false">...</tp-yt-paper-item>
  (Session info: chrome=98.0.4758.102)
Build info: version: '3.141.59', revision: 'e82be7d358', time: '2018-11-14T08:17:03'
System info: host: 'EIS0218', ip: '192.168.1.6', os.name: 'Windows 10', os.arch: 'amd64', os.version: '10.0', java.version: '17.0.2'
Driver info: org.openqa.selenium.chrome.ChromeDriver
Capabilities {acceptInsecureCerts: false, browserName: chrome, browserVersion: 98.0.4758.102, chrome: {chromedriverVersion: 98.0.4758.102 (273bf7ac8c90..., userDataDir: C:\Users\asalah\AppData\Loc...}, goog:chromeOptions: {debuggerAddress: localhost:52142}, javascriptEnabled: true, networkConnectionEnabled: false, pageLoadStrategy: normal, platform: WINDOWS, platformName: WINDOWS, proxy: Proxy(), setWindowRect: true, strictFileInteractability: false, timeouts: {implicit: 0, pageLoad: 300000, script: 30000}, unhandledPromptBehavior: dismiss and notify, webauthn:extension:credBlob: true, webauthn:extension:largeBlob: true, webauthn:virtualAuthenticators: true}
Session ID: af9205da3276163fd8d58038ccaec07a
at org.openqa.selenium.remote.http.W3CHttpResponseCodec.createException(W3CHttpResponseCodec.java:187)
at org.openqa.selenium.remote.http.W3CHttpResponseCodec.decode(W3CHttpResponseCodec.java:122)
at org.openqa.selenium.remote.http.W3CHttpResponseCodec.decode(W3CHttpResponseCodec.java:49)
at org.openqa.selenium.remote.HttpCommandExecutor.execute(HttpCommandExecutor.java:158)
at org.openqa.selenium.remote.service.DriverCommandExecutor.execute(DriverCommandExecutor.java:83)
at org.openqa.selenium.remote.RemoteWebDriver.execute(RemoteWebDriver.java:552)
at org.openqa.selenium.remote.RemoteWebElement.execute(RemoteWebElement.java:285)
at org.openqa.selenium.remote.RemoteWebElement.click(RemoteWebElement.java:84)
at core.coreClass.clickOnVedio(coreClass.java:79)
at base.baseClass.clickOnVedio(baseClass.java:45)
at tests.testcase1Test2.case01(testcase1Test2.java:42)
at java.base/java.util.ArrayList.forEach(ArrayList.java:1511)
at java.base/java.util.concurrent.FutureTask.run(FutureTask.java:264)
at java.base/java.util.concurrent.ThreadPoolExecutor.runWorker(ThreadPoolExecutor.java:1136)
at java.base/java.util.concurrent.ThreadPoolExecutor$Worker.run(ThreadPoolExecutor.java:635)
at java.base/java.lang.Thread.run(Thread.java:833)
... Removed 23 stack frames]]>
    </failure>
  </testcase> <!-- case01 -->
</testsuite> <!-- testcase2 -->
